[2025-11-20T12:20:22.792Z] [INFO] AppBuilder prototype running on http://localhost:3000
[2025-11-20T12:20:28.056Z] [INFO] GET /admin -> 200 14ms
[2025-11-20T12:20:28.166Z] [INFO] GET /.well-known/appspecific/com.chrome.devtools.json -> 404 6ms
[2025-11-20T12:20:28.243Z] [INFO] GET /admin-static/utils.js -> 304 11ms
[2025-11-20T12:20:28.259Z] [INFO] GET /admin-static/style.css -> 200 66ms
[2025-11-20T12:20:28.286Z] [INFO] GET /admin-static/app.js -> 200 53ms
[2025-11-20T12:20:28.515Z] [INFO] GET /api/sites -> 304 11ms
[2025-11-20T12:20:32.051Z] [INFO] GET /api/sites/demo -> 304 2ms
[2025-11-20T12:20:32.055Z] [INFO] GET /api/sites/demo -> 304 1ms
[2025-11-20T12:20:32.167Z] [INFO] GET /api/sites/demo/pages -> 304 1ms
[2025-11-20T12:20:32.176Z] [INFO] GET /api/sites/demo/pages -> 304 2ms
[2025-11-20T12:20:32.183Z] [INFO] GET /api/sites/demo/tree -> 304 2ms
[2025-11-20T12:20:32.187Z] [INFO] GET /api/sites/demo/tree -> 304 2ms
[2025-11-20T12:20:32.482Z] [INFO] GET /site/demo/ -> 200 313ms
[2025-11-20T12:20:32.488Z] [INFO] GET /api/sites/demo/data -> 304 296ms
[2025-11-20T12:20:32.599Z] [INFO] GET /api/sites/demo/data -> 304 107ms
[2025-11-20T12:20:36.086Z] [INFO] GET /api/sites/demo/pages/content?path=index.html -> 304 3ms
[2025-11-20T12:20:36.190Z] [INFO] GET /site/demo/index.html -> 304 94ms
[2025-11-20T12:22:27.737Z] [INFO] GET /site/demo/index.html -> 304 303ms
[2025-11-20T12:22:33.054Z] [INFO] POST /api/sites/demo/pages/save -> 200 2ms
[2025-11-20T12:22:33.354Z] [INFO] GET /site/demo/index.html -> 200 290ms
[2025-11-20T12:22:35.752Z] [INFO] GET /site/demo/index.html -> 200 92ms
[2025-11-20T12:24:46.724Z] [INFO] GET /site/demo/ -> 200 271ms
[2025-11-20T12:25:34.339Z] [INFO] GET /admin -> 304 1ms
[2025-11-20T12:25:34.452Z] [INFO] GET /.well-known/appspecific/com.chrome.devtools.json -> 404 1ms
[2025-11-20T12:25:34.466Z] [INFO] GET /admin-static/style.css -> 304 3ms
[2025-11-20T12:25:34.522Z] [INFO] GET /admin-static/utils.js -> 304 2ms
[2025-11-20T12:25:34.566Z] [INFO] GET /admin-static/app.js -> 200 45ms
[2025-11-20T12:25:34.781Z] [INFO] GET /api/sites -> 304 2ms
[2025-11-20T12:25:38.308Z] [INFO] GET /api/sites/demo -> 304 1ms
[2025-11-20T12:25:38.314Z] [INFO] GET /api/sites/demo -> 304 1ms
[2025-11-20T12:25:38.332Z] [INFO] GET /api/sites/demo/pages -> 304 2ms
[2025-11-20T12:25:38.348Z] [INFO] GET /api/sites/demo/pages -> 304 4ms
[2025-11-20T12:25:38.356Z] [INFO] GET /api/sites/demo/tree -> 304 3ms
[2025-11-20T12:25:38.365Z] [INFO] GET /api/sites/demo/tree -> 304 2ms
[2025-11-20T12:25:38.643Z] [INFO] GET /site/demo/ -> 200 307ms
[2025-11-20T12:25:38.646Z] [INFO] GET /api/sites/demo/data -> 304 276ms
[2025-11-20T12:25:38.746Z] [INFO] GET /api/sites/demo/data -> 304 96ms
[2025-11-20T12:25:39.611Z] [INFO] GET /api/sites/demo/pages/content?path=index.html -> 200 1ms
[2025-11-20T12:25:39.718Z] [INFO] GET /site/demo/index.html -> 304 95ms
[2025-11-20T12:28:34.254Z] [INFO] GET /admin -> 304 2ms
[2025-11-20T12:28:34.368Z] [INFO] GET /.well-known/appspecific/com.chrome.devtools.json -> 404 5ms
[2025-11-20T12:28:34.431Z] [INFO] GET /admin-static/utils.js -> 304 17ms
[2025-11-20T12:28:34.502Z] [INFO] GET /admin-static/style.css -> 200 99ms
[2025-11-20T12:28:34.550Z] [INFO] GET /admin-static/app.js -> 200 129ms
[2025-11-20T12:28:34.696Z] [INFO] GET /api/sites -> 304 2ms
[2025-11-20T12:28:37.951Z] [INFO] GET /api/sites/demo -> 304 2ms
[2025-11-20T12:28:37.967Z] [INFO] GET /api/sites/demo/pages -> 304 1ms
[2025-11-20T12:28:37.975Z] [INFO] GET /api/sites/demo/tree -> 304 1ms
[2025-11-20T12:28:38.267Z] [INFO] GET /api/sites/demo/data -> 304 281ms
[2025-11-20T12:28:38.270Z] [INFO] GET /site/demo/ -> 304 309ms
[2025-11-20T12:28:38.920Z] [INFO] GET /api/sites/demo/pages/content?path=index.html -> 304 1ms
[2025-11-20T12:28:39.041Z] [INFO] GET /site/demo/index.html -> 304 109ms
[2025-11-20T12:29:26.578Z] [INFO] POST /api/sites/demo/pages/save -> 200 3ms
[2025-11-20T12:29:26.912Z] [INFO] GET /site/demo/index.html -> 200 322ms
[2025-11-20T12:29:29.255Z] [INFO] GET /site/demo/index.html -> 200 104ms
[2025-11-20T12:29:53.756Z] [INFO] POST /api/sites/demo/pages/save -> 200 3ms
[2025-11-20T12:29:54.054Z] [INFO] GET /site/demo/index.html -> 200 286ms
[2025-11-20T12:29:56.597Z] [INFO] GET /site/demo/index.html -> 200 96ms
[2025-11-20T12:31:37.196Z] [INFO] GET /admin -> 304 2ms
[2025-11-20T12:31:37.315Z] [INFO] GET /.well-known/appspecific/com.chrome.devtools.json -> 404 2ms
[2025-11-20T12:31:37.339Z] [INFO] GET /admin-static/style.css -> 304 14ms
[2025-11-20T12:31:37.371Z] [INFO] GET /admin-static/utils.js -> 304 19ms
[2025-11-20T12:31:37.401Z] [INFO] GET /admin-static/app.js -> 200 34ms
[2025-11-20T12:31:38.563Z] [INFO] GET /api/sites -> 304 4ms
[2025-11-20T12:31:41.244Z] [INFO] GET /api/sites/demo -> 304 1ms
[2025-11-20T12:31:41.258Z] [INFO] GET /api/sites/demo/pages -> 304 1ms
[2025-11-20T12:31:41.265Z] [INFO] GET /api/sites/demo/tree -> 304 1ms
[2025-11-20T12:31:41.542Z] [INFO] GET /site/demo/ -> 200 290ms
[2025-11-20T12:31:41.552Z] [INFO] GET /api/sites/demo/data -> 304 275ms
[2025-11-20T12:31:57.600Z] [INFO] GET /site/demo/index.html -> 304 270ms
[2025-11-20T12:33:17.746Z] [INFO] AppBuilder prototype running on http://localhost:3000
[2025-11-20T12:33:21.159Z] [INFO] GET /admin -> 304 14ms
[2025-11-20T12:33:21.353Z] [INFO] GET /.well-known/appspecific/com.chrome.devtools.json -> 404 6ms
[2025-11-20T12:33:21.381Z] [INFO] GET /admin-static/style.css -> 304 3ms
[2025-11-20T12:33:21.407Z] [INFO] GET /admin-static/utils.js -> 304 2ms
[2025-11-20T12:33:21.599Z] [INFO] GET /admin-static/app.js -> 304 2ms
[2025-11-20T12:33:21.826Z] [INFO] GET /api/sites -> 304 5ms
[2025-11-20T12:33:25.139Z] [INFO] GET /api/sites/demo -> 304 3ms
[2025-11-20T12:33:25.252Z] [INFO] GET /api/sites/demo/pages -> 304 2ms
[2025-11-20T12:33:25.261Z] [INFO] GET /api/sites/demo/tree -> 304 2ms
[2025-11-20T12:33:25.557Z] [INFO] GET /site/demo/ -> 304 407ms
[2025-11-20T12:33:25.563Z] [INFO] GET /api/sites/demo/data -> 304 295ms
[2025-11-20T12:33:29.215Z] [INFO] GET /api/sites/demo/pages/content?path=index.html -> 200 1ms
[2025-11-20T12:33:29.340Z] [INFO] GET /site/demo/index.html -> 304 108ms
[2025-11-20T12:35:44.903Z] [INFO] GET /admin -> 304 4ms
[2025-11-20T12:35:45.075Z] [INFO] GET /.well-known/appspecific/com.chrome.devtools.json -> 404 25ms
[2025-11-20T12:35:45.189Z] [INFO] GET /admin-static/style.css -> 200 93ms
[2025-11-20T12:35:45.210Z] [INFO] GET /admin-static/utils.js -> 200 105ms
[2025-11-20T12:35:45.218Z] [INFO] GET /admin-static/app.js -> 200 56ms
[2025-11-20T12:35:45.402Z] [INFO] GET /api/sites -> 304 5ms
[2025-11-20T12:35:45.611Z] [INFO] GET /api/sites/demo -> 304 5ms
[2025-11-20T12:35:46.494Z] [INFO] GET /api/sites/demo/pages -> 304 4ms
[2025-11-20T12:35:46.543Z] [INFO] GET /api/sites/demo/pages/content?path=index.html -> 304 2ms
[2025-11-20T12:35:46.666Z] [INFO] GET /api/sites/demo/tree -> 304 2ms
[2025-11-20T12:35:46.924Z] [INFO] GET /site/demo/index.html -> 304 269ms
[2025-11-20T12:35:46.938Z] [INFO] GET /api/sites/demo/data -> 304 262ms
[2025-11-20T12:35:49.897Z] [INFO] GET /api/sites/demo/pages/content?path=index.html -> 304 2ms
[2025-11-20T12:35:49.999Z] [INFO] GET /site/demo/index.html -> 304 93ms
[2025-11-20T12:36:07.985Z] [INFO] POST /api/sites/demo/pages/save -> 200 3ms
[2025-11-20T12:36:08.258Z] [INFO] GET /site/demo/index.html -> 304 259ms
[2025-11-20T12:39:46.832Z] [INFO] AppBuilder prototype running on http://localhost:3000
[2025-11-20T12:39:49.420Z] [INFO] GET /admin -> 304 9ms
[2025-11-20T12:39:49.540Z] [INFO] GET /.well-known/appspecific/com.chrome.devtools.json -> 404 36ms
[2025-11-20T12:39:49.565Z] [INFO] GET /admin-static/style.css -> 200 17ms
[2025-11-20T12:39:49.625Z] [INFO] GET /admin-static/utils.js -> 200 72ms
[2025-11-20T12:39:49.648Z] [INFO] GET /admin-static/app.js -> 200 94ms
[2025-11-20T12:39:49.996Z] [INFO] GET /api/sites -> 304 4ms
[2025-11-20T12:39:50.635Z] [INFO] GET /api/sites/demo -> 304 2ms
[2025-11-20T12:39:50.863Z] [INFO] GET /api/sites/demo/pages -> 304 3ms
[2025-11-20T12:39:51.068Z] [INFO] GET /api/sites/demo/pages/content?path=index.html -> 200 4ms
[2025-11-20T12:39:51.088Z] [INFO] GET /api/sites/demo/tree -> 304 3ms
[2025-11-20T12:39:51.344Z] [INFO] GET /site/demo/index.html -> 304 266ms
[2025-11-20T12:39:51.477Z] [INFO] GET /api/sites/demo/data -> 304 379ms
[2025-11-20T12:42:12.096Z] [INFO] GET /admin -> 200 9ms
[2025-11-20T12:42:12.247Z] [INFO] GET /.well-known/appspecific/com.chrome.devtools.json -> 404 8ms
[2025-11-20T12:42:12.328Z] [INFO] GET /admin-static/app.js -> 304 35ms
[2025-11-20T12:42:12.377Z] [INFO] GET /admin-static/utils.js -> 304 85ms
[2025-11-20T12:42:12.468Z] [INFO] GET /admin-static/style.css -> 200 185ms
[2025-11-20T12:42:12.606Z] [INFO] GET /api/sites -> 304 2ms
[2025-11-20T12:42:12.800Z] [INFO] GET /api/sites/demo -> 304 3ms
[2025-11-20T12:42:13.499Z] [INFO] GET /api/sites/demo/pages -> 304 2ms
[2025-11-20T12:42:13.605Z] [INFO] GET /api/sites/demo/pages/content?path=index.html -> 304 2ms
[2025-11-20T12:42:13.630Z] [INFO] GET /api/sites/demo/tree -> 304 1ms
[2025-11-20T12:42:13.920Z] [INFO] GET /site/demo/index.html -> 304 297ms
[2025-11-20T12:42:13.955Z] [INFO] GET /api/sites/demo/data -> 304 265ms
[2025-11-20T12:42:45.771Z] [INFO] POST /api/sites/demo/pages/save -> 200 2ms
[2025-11-20T12:42:46.063Z] [INFO] GET /site/demo/index.html -> 200 284ms
[2025-11-20T12:42:47.499Z] [INFO] GET /site/demo/index.html -> 200 98ms
[2025-11-20T12:43:07.503Z] [INFO] GET /site/demo/index.html -> 304 310ms
[2025-11-20T12:43:38.402Z] [INFO] POST /api/sites/demo/pages/save -> 200 2ms
[2025-11-20T12:43:38.813Z] [INFO] GET /site/demo/index.html -> 200 402ms
[2025-11-20T12:43:39.541Z] [INFO] GET /site/demo/index.html -> 200 196ms
[2025-11-20T12:46:08.174Z] [INFO] GET /admin -> 200 6ms
[2025-11-20T12:46:08.291Z] [INFO] GET /.well-known/appspecific/com.chrome.devtools.json -> 404 1ms
[2025-11-20T12:46:08.315Z] [INFO] GET /admin-static/style.css -> 304 5ms
[2025-11-20T12:46:08.341Z] [INFO] GET /admin-static/utils.js -> 304 5ms
[2025-11-20T12:46:08.355Z] [INFO] GET /admin-static/app.js -> 200 17ms
[2025-11-20T12:46:08.930Z] [INFO] GET /api/sites -> 304 2ms
[2025-11-20T12:46:09.611Z] [INFO] GET /api/sites/demo -> 304 1ms
[2025-11-20T12:46:09.776Z] [INFO] GET /api/sites/demo/pages -> 304 4ms
[2025-11-20T12:46:09.832Z] [INFO] GET /api/sites/demo/pages/content?path=index.html -> 200 1ms
[2025-11-20T12:46:10.142Z] [INFO] GET /api/sites/demo/tree -> 304 10ms
[2025-11-20T12:46:10.511Z] [INFO] GET /site/demo/index.html -> 304 394ms
[2025-11-20T12:46:10.551Z] [INFO] GET /api/sites/demo/data -> 304 404ms
[2025-11-20T12:48:49.764Z] [INFO] GET /admin -> 200 4ms
[2025-11-20T12:48:49.874Z] [INFO] GET /.well-known/appspecific/com.chrome.devtools.json -> 404 2ms
[2025-11-20T12:48:49.906Z] [INFO] GET /admin-static/style.css -> 304 18ms
[2025-11-20T12:48:49.973Z] [INFO] GET /admin-static/utils.js -> 304 70ms
[2025-11-20T12:48:49.995Z] [INFO] GET /admin-static/app.js -> 304 91ms
[2025-11-20T12:48:50.252Z] [INFO] GET /api/sites -> 304 11ms
[2025-11-20T12:48:50.474Z] [INFO] GET /api/sites/demo -> 304 2ms
[2025-11-20T12:48:51.743Z] [INFO] GET /api/sites/demo/pages -> 304 14ms
[2025-11-20T12:48:51.842Z] [INFO] GET /api/sites/demo/pages/content?path=index.html -> 304 2ms
[2025-11-20T12:48:51.963Z] [INFO] GET /api/sites/demo/tree -> 304 3ms
[2025-11-20T12:48:52.241Z] [INFO] GET /api/sites/demo/data -> 304 263ms
[2025-11-20T12:48:52.257Z] [INFO] GET /site/demo/index.html -> 304 305ms
[2025-11-20T12:49:06.511Z] [INFO] POST /api/sites/demo/pages/save -> 200 1ms
[2025-11-20T12:49:06.786Z] [INFO] GET /site/demo/index.html?t=1763642946514 -> 200 266ms
[2025-11-20T12:50:25.176Z] [INFO] GET /admin -> 200 3ms
[2025-11-20T12:50:25.320Z] [INFO] GET /.well-known/appspecific/com.chrome.devtools.json -> 404 1ms
[2025-11-20T12:50:25.399Z] [INFO] GET /admin-static/style.css -> 304 1ms
[2025-11-20T12:50:25.440Z] [INFO] GET /admin-static/utils.js -> 304 15ms
[2025-11-20T12:50:25.488Z] [INFO] GET /admin-static/app.js -> 304 61ms
[2025-11-20T12:50:25.678Z] [INFO] GET /api/sites -> 304 5ms
[2025-11-20T12:50:25.998Z] [INFO] GET /api/sites/demo -> 304 3ms
[2025-11-20T12:50:27.276Z] [INFO] GET /api/sites/demo/pages -> 304 1ms
[2025-11-20T12:50:27.327Z] [INFO] GET /api/sites/demo/pages/content?path=index.html -> 304 2ms
[2025-11-20T12:50:27.446Z] [INFO] GET /api/sites/demo/tree -> 304 3ms
[2025-11-20T12:50:27.743Z] [INFO] GET /site/demo/index.html -> 304 315ms
[2025-11-20T12:50:28.206Z] [INFO] GET /api/sites/demo/data -> 304 98ms
[2025-11-20T12:50:58.382Z] [INFO] GET /admin -> 200 9ms
[2025-11-20T12:50:58.501Z] [INFO] GET /.well-known/appspecific/com.chrome.devtools.json -> 404 2ms
[2025-11-20T12:50:58.576Z] [INFO] GET /admin-static/style.css -> 304 29ms
[2025-11-20T12:50:58.609Z] [INFO] GET /admin-static/utils.js -> 304 60ms
[2025-11-20T12:50:58.643Z] [INFO] GET /admin-static/app.js -> 304 90ms
[2025-11-20T12:50:59.093Z] [INFO] GET /api/sites -> 304 5ms
[2025-11-20T12:50:59.321Z] [INFO] GET /api/sites/demo -> 304 1ms
[2025-11-20T12:51:00.552Z] [INFO] GET /api/sites/demo/pages -> 304 7ms
[2025-11-20T12:51:00.759Z] [INFO] GET /api/sites/demo/pages/content?path=index.html -> 304 2ms
[2025-11-20T12:51:00.883Z] [INFO] GET /api/sites/demo/tree -> 304 3ms
[2025-11-20T12:51:00.974Z] [INFO] GET /site/demo/index.html -> 304 98ms
[2025-11-20T12:51:01.187Z] [INFO] GET /api/sites/demo/data -> 304 275ms
[2025-11-20T12:51:18.149Z] [INFO] GET /admin -> 200 3ms
[2025-11-20T12:51:18.261Z] [INFO] GET /.well-known/appspecific/com.chrome.devtools.json -> 404 2ms
[2025-11-20T12:51:18.270Z] [INFO] GET /admin-static/style.css -> 304 4ms
[2025-11-20T12:51:18.274Z] [INFO] GET /admin-static/app.js -> 304 6ms
[2025-11-20T12:51:18.279Z] [INFO] GET /admin-static/utils.js -> 304 6ms
[2025-11-20T12:51:18.527Z] [INFO] GET /api/sites -> 304 5ms
[2025-11-20T12:51:18.681Z] [INFO] GET /api/sites/demo -> 304 1ms
[2025-11-20T12:51:19.403Z] [INFO] GET /api/sites/demo/pages -> 304 12ms
[2025-11-20T12:51:19.483Z] [INFO] GET /api/sites/demo/pages/content?path=index.html -> 304 3ms
[2025-11-20T12:51:19.578Z] [INFO] GET /api/sites/demo/tree -> 304 0ms
[2025-11-20T12:51:19.870Z] [INFO] GET /site/demo/index.html -> 304 298ms
[2025-11-20T12:51:19.957Z] [INFO] GET /api/sites/demo/data -> 304 134ms
[2025-11-20T12:51:34.207Z] [INFO] GET /api/sites/demo/pages/content?path=index.html -> 304 1ms
[2025-11-20T12:52:26.407Z] [INFO] AppBuilder prototype running on http://localhost:3000
[2025-11-20T12:52:30.834Z] [INFO] GET /admin -> 200 17ms
[2025-11-20T12:52:30.996Z] [INFO] GET /.well-known/appspecific/com.chrome.devtools.json -> 404 51ms
[2025-11-20T12:52:31.043Z] [INFO] GET /admin-static/style.css -> 304 28ms
[2025-11-20T12:52:31.079Z] [INFO] GET /admin-static/app.js -> 304 47ms
[2025-11-20T12:52:31.101Z] [INFO] GET /admin-static/utils.js -> 200 76ms
[2025-11-20T12:52:31.505Z] [INFO] GET /api/sites -> 304 6ms
[2025-11-20T12:52:32.204Z] [INFO] GET /api/sites/demo -> 304 2ms
[2025-11-20T12:52:32.450Z] [INFO] GET /api/sites/demo/pages -> 304 1ms
[2025-11-20T12:52:32.672Z] [INFO] GET /api/sites/demo/pages/content?path=index.html -> 304 1ms
[2025-11-20T12:52:32.693Z] [INFO] GET /api/sites/demo/tree -> 304 2ms
[2025-11-20T12:52:32.942Z] [INFO] GET /site/demo/index.html -> 304 259ms
[2025-11-20T12:52:32.960Z] [INFO] GET /api/sites/demo/data -> 304 261ms
[2025-11-20T12:52:33.740Z] [INFO] GET /api/sites/demo/pages/content?path=index.html -> 304 2ms
[2025-11-20T12:53:19.517Z] [INFO] GET /api/sites/demo/pages/content?path=index.html -> 304 2ms
[2025-11-20T12:54:57.686Z] [INFO] POST /api/sites/demo/pages/save -> 200 2ms
[2025-11-20T12:54:57.691Z] [INFO] GET /api/sites/demo -> 304 1ms
[2025-11-20T12:54:57.710Z] [INFO] GET /api/sites/demo/pages -> 304 2ms
[2025-11-20T12:54:57.719Z] [INFO] GET /api/sites/demo/tree -> 304 2ms
[2025-11-20T12:54:58.003Z] [INFO] GET /site/demo/ -> 200 302ms
[2025-11-20T12:54:58.007Z] [INFO] GET /api/sites/demo/data -> 304 283ms
[2025-11-20T12:54:58.254Z] [INFO] GET /site/demo/index.html?t=1763643298152 -> 200 93ms
[2025-11-20T12:55:21.728Z] [INFO] POST /api/sites/demo/pages/save -> 200 2ms
[2025-11-20T12:55:22.095Z] [INFO] GET /site/demo/index.html?t=1763643321730 -> 200 357ms
[2025-11-20T12:55:25.784Z] [INFO] GET /site/demo/index.html -> 200 115ms
[2025-11-20T13:27:40.201Z] [INFO] POST /api/sites/demo/endpoints/userApi/execute -> 200 311ms
[2025-11-20T13:27:40.213Z] [INFO] endpoint execute result {"status":200,"data":{"id":1,"name":"Leanne Graham","username":"Bret","email":"Sincere@april.biz","address":{"street":"Kulas Light","suite":"Apt. 556","city":"Gwenborough","zipcode":"92998-3874","geo":{"lat":"-37.3159","lng":"81.1496"}},"phone":"1-770-736-8031 x56442","website":"hildegard.org","company":{"name":"Romaguera-Crona","catchPhrase":"Multi-layered client-server neural-net","bs":"harness real-time e-markets"}},"headers":{"date":"Thu, 20 Nov 2025 13:27:40 GMT","content-type":"application/json; charset=utf-8","transfer-encoding":"chunked","connection":"keep-alive","access-control-allow-credentials":"true","cache-control":"max-age=43200","etag":"W/\"1fd-+2Y3G3w049iSZtw5t1mzSnunngE\"","expires":"-1","nel":"{\"report_to\":\"heroku-nel\",\"response_headers\":[\"Via\"],\"max_age\":3600,\"success_fraction\":0.01,\"failure_fraction\":0.1}","pragma":"no-cache","report-to":"{\"group\":\"heroku-nel\",\"endpoints\":[{\"url\":\"https://nel.heroku.com/reports?s=4jCdy%2BVLIi9AVDADbJVRgmtrnMWM0gJlTazYbhZYBzk%3D\\u0026sid=e11707d5-02a7-43ef-b45e-2cf4d2036f7d\\u0026ts=1763632329\"}],\"max_age\":3600}","reporting-endpoints":"heroku-nel=\"https://nel.heroku.com/reports?s=4jCdy%2BVLIi9AVDADbJVRgmtrnMWM0gJlTazYbhZYBzk%3D&sid=e11707d5-02a7-43ef-b45e-2cf4d2036f7d&ts=1763632329\"","server":"cloudflare","vary":"Origin, Accept-Encoding","via":"2.0 heroku-router","x-content-type-options":"nosniff","x-powered-by":"Express","x-ratelimit-limit":"1000","x-ratelimit-remaining":"985","x-ratelimit-reset":"1763632385","age":"12930","cf-cache-status":"HIT","cf-ray":"9a18493d5a54fd36-SIN","alt-svc":"h3=\":443\"; ma=86400"}}
[2025-11-20T13:27:40.217Z] [INFO] POST /api/logs -> 200 4ms
[2025-11-20T13:28:06.648Z] [INFO] POST /api/sites/demo/apis -> 200 5ms
[2025-11-20T13:28:06.657Z] [INFO] GET /api/sites/demo -> 200 1ms
[2025-11-20T13:28:06.686Z] [INFO] GET /api/sites/demo/pages -> 304 5ms
[2025-11-20T13:28:06.698Z] [INFO] GET /api/sites/demo/tree -> 304 3ms
[2025-11-20T13:28:07.063Z] [INFO] GET /site/demo/ -> 200 389ms
[2025-11-20T13:28:07.080Z] [INFO] GET /api/sites/demo/data -> 200 374ms
[2025-11-20T13:29:01.878Z] [INFO] POST /api/sites/demo/pages/save -> 200 2ms
[2025-11-20T13:29:02.359Z] [INFO] GET /site/demo/index.html?t=1763645341881 -> 200 474ms
[2025-11-20T13:29:03.241Z] [INFO] GET /site/demo/index.html -> 200 242ms
[2025-11-20T13:29:36.327Z] [INFO] POST /api/sites/demo/pages/save -> 200 3ms
[2025-11-20T13:29:36.755Z] [INFO] GET /site/demo/index.html?t=1763645376331 -> 200 415ms
[2025-11-20T13:29:37.605Z] [INFO] GET /site/demo/index.html -> 200 278ms
[2025-11-20T13:29:57.820Z] [INFO] POST /api/sites/demo/pages/save -> 200 1ms
[2025-11-20T13:29:58.299Z] [INFO] GET /site/demo/index.html?t=1763645397823 -> 200 471ms
[2025-11-20T13:29:58.993Z] [INFO] GET /site/demo/index.html -> 200 267ms
[2025-11-20T13:31:49.775Z] [INFO] GET /api/sites/demo -> 304 2ms
[2025-11-20T13:31:49.799Z] [INFO] GET /api/sites/demo/pages -> 304 2ms
[2025-11-20T13:31:49.805Z] [INFO] GET /api/sites/demo/tree -> 304 1ms
[2025-11-20T13:31:50.204Z] [INFO] GET /site/demo/ -> 200 413ms
[2025-11-20T13:31:50.212Z] [INFO] GET /api/sites/demo/data -> 304 399ms
[2025-11-20T13:31:51.692Z] [INFO] GET /api/sites/demo/pages/content?path=index.html -> 200 2ms
[2025-11-20T13:31:51.914Z] [INFO] GET /site/demo/index.html -> 200 210ms
[2025-11-20T13:35:24.528Z] [INFO] GET /admin -> 200 4ms
[2025-11-20T13:35:24.674Z] [INFO] GET /.well-known/appspecific/com.chrome.devtools.json -> 404 1ms
[2025-11-20T13:35:24.728Z] [INFO] GET /admin-static/style.css -> 304 3ms
[2025-11-20T13:35:24.750Z] [INFO] GET /admin-static/utils.js -> 304 9ms
[2025-11-20T13:35:24.771Z] [INFO] GET /admin-static/app.js -> 200 30ms
[2025-11-20T13:35:25.452Z] [INFO] GET /api/sites -> 200 2ms
[2025-11-20T13:35:26.182Z] [INFO] GET /api/sites/demo -> 304 33ms
[2025-11-20T13:35:26.473Z] [INFO] GET /api/sites/demo/pages -> 304 3ms
[2025-11-20T13:35:26.554Z] [INFO] GET /api/sites/demo/pages/content?path=index.html -> 304 4ms
[2025-11-20T13:35:26.854Z] [INFO] GET /api/sites/demo/tree -> 304 1ms
[2025-11-20T13:35:27.237Z] [INFO] GET /site/demo/index.html -> 304 389ms
[2025-11-20T13:35:27.240Z] [INFO] GET /api/sites/demo/data -> 304 379ms
[2025-11-20T13:35:40.431Z] [INFO] POST /api/sites/demo/pages/save -> 200 6ms
[2025-11-20T13:35:40.441Z] [INFO] GET /api/sites/demo -> 304 2ms
[2025-11-20T13:35:40.460Z] [INFO] GET /api/sites/demo/pages -> 200 1ms
[2025-11-20T13:35:40.470Z] [INFO] GET /api/sites/demo/tree -> 200 2ms
[2025-11-20T13:35:40.879Z] [INFO] GET /site/demo/ -> 200 426ms
[2025-11-20T13:35:40.950Z] [INFO] GET /api/sites/demo/data -> 304 475ms
[2025-11-20T13:35:41.035Z] [INFO] GET /api/sites/demo/pages/content?path=pp.html -> 200 1ms
[2025-11-20T13:35:41.508Z] [INFO] GET /site/demo/pp.html -> 200 236ms
[2025-11-20T13:35:41.950Z] [INFO] GET /api/sites/demo/pages/content?path=pp.html -> 304 2ms
[2025-11-20T13:35:42.264Z] [INFO] GET /site/demo/pp.html -> 304 302ms
[2025-11-20T13:35:43.916Z] [INFO] GET /api/sites/demo/pages/content?path=pp.html -> 304 2ms
[2025-11-20T13:35:44.203Z] [INFO] GET /site/demo/pp.html -> 304 275ms
[2025-11-20T13:37:03.968Z] [INFO] GET /admin -> 200 9ms
[2025-11-20T13:37:04.191Z] [INFO] GET /.well-known/appspecific/com.chrome.devtools.json -> 404 2ms
[2025-11-20T13:37:04.293Z] [INFO] GET /admin-static/style.css -> 304 32ms
[2025-11-20T13:37:04.363Z] [INFO] GET /admin-static/utils.js -> 304 75ms
[2025-11-20T13:37:04.410Z] [INFO] GET /admin-static/app.js -> 200 119ms
[2025-11-20T13:37:05.084Z] [INFO] GET /api/sites -> 304 6ms
[2025-11-20T13:37:06.305Z] [INFO] GET /api/sites/demo -> 304 6ms
[2025-11-20T13:37:06.529Z] [INFO] GET /api/sites/demo/pages -> 304 8ms
[2025-11-20T13:37:06.660Z] [INFO] GET /api/sites/demo/pages/content?path=index.html -> 304 1ms
[2025-11-20T13:37:06.708Z] [INFO] GET /api/sites/demo/tree -> 304 4ms
[2025-11-20T13:37:07.179Z] [INFO] GET /api/sites/demo/data -> 304 436ms
[2025-11-20T13:37:07.197Z] [INFO] GET /site/demo/index.html -> 304 503ms
[2025-11-20T13:38:12.221Z] [INFO] GET /admin -> 304 5ms
[2025-11-20T13:38:12.320Z] [INFO] GET /.well-known/appspecific/com.chrome.devtools.json -> 404 2ms
[2025-11-20T13:38:12.456Z] [INFO] GET /admin-static/utils.js -> 304 21ms
[2025-11-20T13:38:12.476Z] [INFO] GET /admin-static/style.css -> 200 131ms
[2025-11-20T13:38:12.491Z] [INFO] GET /admin-static/app.js -> 200 19ms
[2025-11-20T13:38:12.959Z] [INFO] GET /api/sites -> 304 2ms
[2025-11-20T13:38:14.045Z] [INFO] GET /api/sites/demo -> 304 4ms
[2025-11-20T13:38:14.331Z] [INFO] GET /api/sites/demo/pages -> 304 2ms
[2025-11-20T13:38:14.358Z] [INFO] GET /api/sites/demo/pages/content?path=index.html -> 304 2ms
[2025-11-20T13:38:14.481Z] [INFO] GET /api/sites/demo/tree -> 304 10ms
[2025-11-20T13:38:14.940Z] [INFO] GET /site/demo/index.html -> 304 487ms
[2025-11-20T13:38:15.002Z] [INFO] GET /api/sites/demo/data -> 304 511ms
[2025-11-20T13:38:21.323Z] [INFO] GET /admin -> 304 1ms
[2025-11-20T13:38:21.410Z] [INFO] GET /.well-known/appspecific/com.chrome.devtools.json -> 404 0ms
[2025-11-20T13:38:21.438Z] [INFO] GET /admin-static/style.css -> 304 4ms
[2025-11-20T13:38:21.455Z] [INFO] GET /admin-static/utils.js -> 304 8ms
[2025-11-20T13:38:21.463Z] [INFO] GET /admin-static/app.js -> 304 11ms
[2025-11-20T13:38:21.787Z] [INFO] GET /api/sites -> 304 2ms
[2025-11-20T13:38:21.955Z] [INFO] GET /api/sites/demo -> 304 1ms
[2025-11-20T13:38:22.676Z] [INFO] GET /api/sites/demo/pages -> 304 2ms
[2025-11-20T13:38:22.751Z] [INFO] GET /api/sites/demo/pages/content?path=index.html -> 304 5ms
[2025-11-20T13:38:22.844Z] [INFO] GET /api/sites/demo/tree -> 304 2ms
[2025-11-20T13:38:23.625Z] [INFO] GET /site/demo/index.html -> 304 788ms
[2025-11-20T13:38:23.835Z] [INFO] GET /api/sites/demo/data -> 304 739ms
[2025-11-20T13:40:08.958Z] [INFO] GET /admin -> 304 3ms
[2025-11-20T13:40:09.092Z] [INFO] GET /.well-known/appspecific/com.chrome.devtools.json -> 404 5ms
[2025-11-20T13:40:09.141Z] [INFO] GET /admin-static/style.css -> 200 20ms
[2025-11-20T13:40:09.198Z] [INFO] GET /admin-static/utils.js -> 304 10ms
[2025-11-20T13:40:09.226Z] [INFO] GET /admin-static/app.js -> 304 35ms
[2025-11-20T13:40:09.940Z] [INFO] GET /api/sites -> 304 3ms
[2025-11-20T13:40:10.746Z] [INFO] GET /api/sites/demo -> 304 1ms
[2025-11-20T13:40:10.930Z] [INFO] GET /api/sites/demo/pages -> 304 5ms
[2025-11-20T13:40:11.009Z] [INFO] GET /api/sites/demo/pages/content?path=index.html -> 304 3ms
[2025-11-20T13:40:11.389Z] [INFO] GET /site/demo/ -> 200 474ms
[2025-11-20T13:40:11.472Z] [INFO] GET /api/sites/demo/tree -> 304 2ms
[2025-11-20T13:40:11.653Z] [INFO] GET /site/demo/index.html -> 304 186ms
[2025-11-20T13:40:11.914Z] [INFO] GET /api/sites/demo/data -> 304 428ms
[2025-11-20T13:42:09.391Z] [INFO] GET /admin -> 200 27ms
[2025-11-20T13:42:09.531Z] [INFO] GET /.well-known/appspecific/com.chrome.devtools.json -> 404 6ms
[2025-11-20T13:42:09.721Z] [INFO] GET /admin-static/utils.js -> 304 37ms
[2025-11-20T13:42:09.800Z] [INFO] GET /admin-static/app.js -> 304 20ms
[2025-11-20T13:42:09.813Z] [INFO] GET /admin-static/style.css -> 200 102ms
[2025-11-20T13:42:10.153Z] [INFO] GET /api/sites -> 304 2ms
[2025-11-20T13:42:11.166Z] [INFO] GET /api/sites/demo -> 304 11ms
[2025-11-20T13:42:11.557Z] [INFO] GET /api/sites/demo/pages -> 304 7ms
[2025-11-20T13:42:11.703Z] [INFO] GET /api/sites/demo/pages/content?path=index.html -> 304 30ms
[2025-11-20T13:42:11.774Z] [INFO] GET /api/sites/demo/tree -> 304 3ms
[2025-11-20T13:42:12.216Z] [INFO] GET /site/demo/index.html -> 304 465ms
[2025-11-20T13:42:12.225Z] [INFO] GET /api/sites/demo/data -> 304 430ms
[2025-11-20T13:44:42.885Z] [INFO] GET /admin -> 304 1ms
[2025-11-20T13:44:43.200Z] [INFO] GET /.well-known/appspecific/com.chrome.devtools.json -> 404 2ms
[2025-11-20T13:44:43.282Z] [INFO] GET /admin-static/utils.js -> 304 15ms
[2025-11-20T13:44:43.323Z] [INFO] GET /admin-static/style.css -> 200 69ms
[2025-11-20T13:44:43.335Z] [INFO] GET /admin-static/app.js -> 200 67ms
[2025-11-20T13:44:43.941Z] [INFO] AppBuilder: injected high-contrast CSS into preview iframe
[2025-11-20T13:44:43.953Z] [INFO] POST /api/logs -> 200 12ms
[2025-11-20T13:44:44.023Z] [INFO] GET /api/sites -> 304 21ms
[2025-11-20T13:44:45.416Z] [INFO] GET /api/sites/demo -> 304 3ms
[2025-11-20T13:44:45.624Z] [INFO] GET /api/sites/demo/pages -> 304 4ms
[2025-11-20T13:44:45.647Z] [INFO] GET /api/sites/demo/pages/content?path=index.html -> 304 2ms
[2025-11-20T13:44:45.714Z] [INFO] GET /api/sites/demo/tree -> 304 4ms
[2025-11-20T13:44:46.223Z] [INFO] GET /api/sites/demo/data -> 304 486ms
[2025-11-20T13:44:46.260Z] [INFO] GET /site/demo/index.html -> 304 562ms
[2025-11-20T13:44:47.122Z] [INFO] AppBuilder: injected high-contrast CSS into preview iframe
[2025-11-20T13:44:47.139Z] [INFO] POST /api/logs -> 200 17ms
[2025-11-20T13:45:53.346Z] [INFO] GET /admin -> 304 6ms
[2025-11-20T13:45:53.483Z] [INFO] GET /.well-known/appspecific/com.chrome.devtools.json -> 404 4ms
[2025-11-20T13:45:53.573Z] [INFO] GET /admin-static/style.css -> 304 61ms
[2025-11-20T13:45:53.582Z] [INFO] GET /admin-static/utils.js -> 304 3ms
[2025-11-20T13:45:53.625Z] [INFO] GET /admin-static/app.js -> 200 45ms
[2025-11-20T13:45:54.013Z] [INFO] GET /api/sites -> 304 3ms
[2025-11-20T13:45:55.208Z] [INFO] GET /api/sites/demo -> 304 1ms
[2025-11-20T13:45:55.434Z] [INFO] GET /api/sites/demo/pages -> 304 2ms
[2025-11-20T13:45:55.543Z] [INFO] GET /api/sites/demo/pages/content?path=index.html -> 304 21ms
[2025-11-20T13:45:55.573Z] [INFO] GET /api/sites/demo/tree -> 304 2ms
[2025-11-20T13:45:56.030Z] [INFO] GET /api/sites/demo/data -> 304 429ms
[2025-11-20T13:45:56.034Z] [INFO] GET /site/demo/index.html -> 304 469ms
[2025-11-20T13:46:07.730Z] [INFO] GET /admin -> 200 2ms
[2025-11-20T13:46:07.810Z] [INFO] GET /.well-known/appspecific/com.chrome.devtools.json -> 404 1ms
[2025-11-20T13:46:07.829Z] [INFO] GET /admin-static/style.css -> 200 4ms
[2025-11-20T13:46:07.842Z] [INFO] GET /admin-static/utils.js -> 200 17ms
[2025-11-20T13:46:07.850Z] [INFO] GET /admin-static/app.js -> 200 24ms
[2025-11-20T13:46:08.467Z] [INFO] GET /api/sites -> 200 1ms
[2025-11-20T13:46:08.474Z] [INFO] GET /api/sites -> 200 1ms
[2025-11-20T13:46:09.221Z] [INFO] GET /api/sites/demo -> 200 1ms
[2025-11-20T13:46:09.225Z] [INFO] GET /api/sites/demo -> 200 1ms
[2025-11-20T13:46:09.378Z] [INFO] GET /api/sites/demo/pages -> 200 2ms
[2025-11-20T13:46:09.389Z] [INFO] GET /favicon.ico -> 404 2ms
[2025-11-20T13:46:09.400Z] [INFO] GET /api/sites/demo/pages -> 304 5ms
[2025-11-20T13:46:09.411Z] [INFO] GET /api/sites/demo/pages/content?path=index.html -> 200 1ms
[2025-11-20T13:46:09.454Z] [INFO] GET /api/sites/demo/pages/content?path=index.html -> 304 1ms
[2025-11-20T13:46:09.467Z] [INFO] GET /api/sites/demo/tree -> 200 6ms
[2025-11-20T13:46:09.487Z] [INFO] GET /api/sites/demo/tree -> 304 2ms
[2025-11-20T13:46:09.951Z] [INFO] GET /site/demo/index.html -> 200 471ms
[2025-11-20T13:46:10.290Z] [INFO] GET /api/sites/demo/data -> 200 273ms
[2025-11-20T13:46:10.478Z] [INFO] GET /api/sites/demo/data -> 304 186ms
[2025-11-20T13:46:21.268Z] [INFO] GET /admin -> 304 2ms
[2025-11-20T13:46:21.363Z] [INFO] GET /.well-known/appspecific/com.chrome.devtools.json -> 404 2ms
[2025-11-20T13:46:21.380Z] [INFO] GET /admin-static/style.css -> 304 1ms
[2025-11-20T13:46:21.388Z] [INFO] GET /admin-static/utils.js -> 304 4ms
[2025-11-20T13:46:21.396Z] [INFO] GET /admin-static/app.js -> 200 9ms
[2025-11-20T13:46:21.800Z] [INFO] GET /api/sites -> 304 1ms
[2025-11-20T13:46:21.804Z] [INFO] GET /api/sites -> 304 1ms
[2025-11-20T13:46:22.383Z] [INFO] GET /api/sites/demo -> 304 2ms
[2025-11-20T13:46:22.393Z] [INFO] GET /api/sites/demo -> 304 3ms
[2025-11-20T13:46:22.516Z] [INFO] GET /api/sites/demo/pages -> 304 1ms
[2025-11-20T13:46:22.539Z] [INFO] GET /api/sites/demo/pages -> 304 7ms
[2025-11-20T13:46:22.547Z] [INFO] GET /api/sites/demo/pages/content?path=index.html -> 304 1ms
[2025-11-20T13:46:22.588Z] [INFO] GET /api/sites/demo/pages/content?path=index.html -> 304 1ms
[2025-11-20T13:46:22.626Z] [INFO] GET /api/sites/demo/tree -> 304 2ms
[2025-11-20T13:46:22.643Z] [INFO] GET /api/sites/demo/tree -> 304 3ms
[2025-11-20T13:46:23.038Z] [INFO] GET /site/demo/index.html -> 200 406ms
[2025-11-20T13:46:23.317Z] [INFO] GET /api/sites/demo/data -> 304 453ms
[2025-11-20T13:46:23.609Z] [INFO] GET /api/sites/demo/data -> 304 290ms
[2025-11-20T13:47:27.874Z] [INFO] GET /admin -> 200 4ms
[2025-11-20T13:47:28.002Z] [INFO] GET /.well-known/appspecific/com.chrome.devtools.json -> 404 1ms
[2025-11-20T13:47:28.047Z] [INFO] GET /admin-static/style.css -> 200 11ms
[2025-11-20T13:47:28.108Z] [INFO] GET /admin-static/utils.js -> 304 16ms
[2025-11-20T13:47:28.120Z] [INFO] GET /admin-static/app.js -> 304 23ms
[2025-11-20T13:47:28.481Z] [INFO] GET /api/sites -> 304 2ms
[2025-11-20T13:47:28.486Z] [INFO] GET /api/sites -> 304 2ms
[2025-11-20T13:47:29.397Z] [INFO] GET /api/sites/demo -> 304 2ms
[2025-11-20T13:47:29.429Z] [INFO] GET /api/sites/demo -> 304 19ms
[2025-11-20T13:47:29.676Z] [INFO] GET /api/sites/demo/pages -> 304 3ms
[2025-11-20T13:47:29.724Z] [INFO] GET /api/sites/demo/pages -> 304 14ms
[2025-11-20T13:47:29.762Z] [INFO] GET /api/sites/demo/pages/content?path=index.html -> 304 6ms
[2025-11-20T13:47:29.771Z] [INFO] GET /api/sites/demo/pages/content?path=index.html -> 304 1ms
[2025-11-20T13:47:29.796Z] [INFO] GET /api/sites/demo/tree -> 304 2ms
[2025-11-20T13:47:29.822Z] [INFO] GET /api/sites/demo/tree -> 304 3ms
[2025-11-20T13:47:30.206Z] [INFO] GET /site/demo/index.html -> 200 395ms
[2025-11-20T13:47:30.211Z] [INFO] GET /api/sites/demo/data -> 304 375ms
[2025-11-20T13:47:30.411Z] [INFO] GET /api/sites/demo/data -> 304 197ms
[2025-11-20T13:48:01.774Z] [INFO] GET /admin -> 304 1ms
[2025-11-20T13:48:01.891Z] [INFO] GET /.well-known/appspecific/com.chrome.devtools.json -> 404 2ms
[2025-11-20T13:48:01.942Z] [INFO] GET /admin-static/utils.js -> 304 36ms
[2025-11-20T13:48:01.954Z] [INFO] GET /admin-static/app.js -> 304 47ms
[2025-11-20T13:48:01.984Z] [INFO] GET /admin-static/style.css -> 304 79ms
[2025-11-20T13:48:02.302Z] [INFO] GET /api/sites -> 304 3ms
[2025-11-20T13:48:02.316Z] [INFO] GET /api/sites -> 304 3ms
[2025-11-20T13:48:02.415Z] [INFO] GET /api/sites/demo -> 304 2ms
[2025-11-20T13:48:03.048Z] [INFO] GET /api/sites/demo -> 304 1ms
[2025-11-20T13:48:03.150Z] [INFO] GET /api/sites/demo/pages -> 304 1ms
[2025-11-20T13:48:03.205Z] [INFO] GET /api/sites/demo/pages -> 304 2ms
[2025-11-20T13:48:03.211Z] [INFO] GET /api/sites/demo/pages/content?path=index.html -> 304 2ms
[2025-11-20T13:48:03.254Z] [INFO] GET /api/sites/demo/pages/content?path=index.html -> 304 1ms
[2025-11-20T13:48:03.296Z] [INFO] GET /api/sites/demo/tree -> 304 3ms
[2025-11-20T13:48:03.310Z] [INFO] GET /api/sites/demo/tree -> 304 3ms
[2025-11-20T13:48:03.675Z] [INFO] GET /site/demo/index.html -> 200 373ms
[2025-11-20T13:48:03.729Z] [INFO] GET /api/sites/demo/data -> 304 411ms
[2025-11-20T13:48:03.960Z] [INFO] GET /api/sites/demo/data -> 304 229ms
[2025-11-20T13:48:43.986Z] [INFO] POST /api/sites/demo/pages/save -> 200 3ms
[2025-11-20T13:48:44.471Z] [INFO] GET /site/demo/index.html?t=1763646523989 -> 200 474ms
[2025-11-20T13:48:55.868Z] [INFO] GET /site/demo/index.html -> 200 449ms
[2025-11-20T13:49:35.169Z] [INFO] POST /api/sites/demo/pages/save -> 200 3ms
[2025-11-20T13:49:35.651Z] [INFO] GET /site/demo/index.html?t=1763646575171 -> 200 475ms
[2025-11-20T13:49:51.893Z] [INFO] POST /api/sites/demo/pages/save -> 200 3ms
[2025-11-20T13:49:52.290Z] [INFO] GET /site/demo/index.html?t=1763646591896 -> 200 386ms
[2025-11-20T13:51:28.883Z] [INFO] GET /admin -> 304 3ms
[2025-11-20T13:51:29.014Z] [INFO] GET /.well-known/appspecific/com.chrome.devtools.json -> 404 2ms
[2025-11-20T13:51:29.070Z] [INFO] GET /admin-static/style.css -> 304 9ms
[2025-11-20T13:51:29.087Z] [INFO] GET /admin-static/utils.js -> 304 26ms
[2025-11-20T13:51:29.118Z] [INFO] GET /admin-static/app.js -> 200 52ms
[2025-11-20T13:51:29.457Z] [INFO] GET /api/sites -> 304 3ms
[2025-11-20T13:51:30.226Z] [INFO] GET /api/sites/demo -> 304 1ms
[2025-11-20T13:51:30.367Z] [INFO] GET /api/sites/demo/pages -> 304 1ms
[2025-11-20T13:51:30.408Z] [INFO] GET /api/sites/demo/pages/content?path=index.html -> 200 4ms
[2025-11-20T13:51:30.499Z] [INFO] GET /api/sites/demo/tree -> 304 8ms
[2025-11-20T13:51:31.124Z] [INFO] GET /site/demo/index.html -> 200 663ms
[2025-11-20T13:51:31.635Z] [INFO] GET /api/sites/demo/data -> 304 862ms
[2025-11-20T13:55:22.210Z] [INFO] GET /admin -> 304 1ms
[2025-11-20T13:55:22.321Z] [INFO] GET /.well-known/appspecific/com.chrome.devtools.json -> 404 2ms
[2025-11-20T13:55:22.401Z] [INFO] GET /admin-static/utils.js -> 304 34ms
[2025-11-20T13:55:22.418Z] [INFO] GET /admin-static/style.css -> 200 77ms
[2025-11-20T13:55:22.427Z] [INFO] GET /admin-static/app.js -> 200 31ms
[2025-11-20T13:55:22.718Z] [INFO] GET /api/sites -> 304 2ms
[2025-11-20T13:55:23.473Z] [INFO] GET /api/sites/demo -> 304 1ms
[2025-11-20T13:55:23.592Z] [INFO] GET /api/sites/demo/pages -> 304 2ms
[2025-11-20T13:55:23.626Z] [INFO] GET /api/sites/demo/pages/content?path=index.html -> 304 1ms
[2025-11-20T13:55:23.670Z] [INFO] GET /api/sites/demo/tree -> 304 3ms
[2025-11-20T13:55:24.116Z] [INFO] GET /site/demo/index.html -> 304 459ms
[2025-11-20T13:55:24.317Z] [INFO] GET /api/sites/demo/data -> 304 414ms
[2025-11-20T13:57:05.327Z] [INFO] GET /admin -> 304 0ms
[2025-11-20T13:57:05.428Z] [INFO] GET /.well-known/appspecific/com.chrome.devtools.json -> 404 2ms
[2025-11-20T13:57:05.445Z] [INFO] GET /admin-static/style.css -> 200 3ms
[2025-11-20T13:57:05.477Z] [INFO] GET /admin-static/utils.js -> 304 1ms
[2025-11-20T13:57:05.500Z] [INFO] GET /admin-static/app.js -> 304 23ms
[2025-11-20T13:57:05.851Z] [INFO] GET /api/sites -> 304 1ms
[2025-11-20T13:57:06.536Z] [INFO] GET /api/sites/demo -> 304 1ms
[2025-11-20T13:57:06.701Z] [INFO] GET /api/sites/demo/pages -> 304 2ms
[2025-11-20T13:57:06.746Z] [INFO] GET /api/sites/demo/pages/content?path=index.html -> 304 5ms
[2025-11-20T13:57:06.778Z] [INFO] GET /api/sites/demo/tree -> 304 2ms
[2025-11-20T13:57:07.253Z] [INFO] GET /site/demo/index.html -> 304 482ms
[2025-11-20T13:57:07.470Z] [INFO] GET /api/sites/demo/data -> 304 455ms
[2025-11-20T13:59:00.468Z] [INFO] GET /admin -> 304 1ms
[2025-11-20T13:59:00.541Z] [INFO] GET /.well-known/appspecific/com.chrome.devtools.json -> 404 1ms
[2025-11-20T13:59:00.558Z] [INFO] GET /admin-static/style.css -> 200 2ms
[2025-11-20T13:59:00.565Z] [INFO] GET /admin-static/utils.js -> 304 1ms
[2025-11-20T13:59:00.569Z] [INFO] GET /admin-static/app.js -> 304 1ms
[2025-11-20T13:59:00.900Z] [INFO] GET /api/sites -> 304 1ms
[2025-11-20T13:59:01.591Z] [INFO] GET /api/sites/demo -> 304 1ms
[2025-11-20T13:59:01.712Z] [INFO] GET /api/sites/demo/pages -> 304 1ms
[2025-11-20T13:59:01.754Z] [INFO] GET /api/sites/demo/pages/content?path=index.html -> 304 1ms
[2025-11-20T13:59:02.031Z] [INFO] GET /api/sites/demo/tree -> 304 3ms
[2025-11-20T13:59:02.445Z] [INFO] GET /site/demo/index.html -> 304 422ms
[2025-11-20T13:59:02.572Z] [INFO] GET /api/sites/demo/data -> 304 514ms
[2025-11-20T14:02:28.000Z] [INFO] GET /admin -> 304 1ms
[2025-11-20T14:02:28.095Z] [INFO] GET /.well-known/appspecific/com.chrome.devtools.json -> 404 1ms
[2025-11-20T14:02:28.102Z] [INFO] GET /admin-static/style.css -> 200 9ms
[2025-11-20T14:02:28.124Z] [INFO] GET /admin-static/utils.js -> 304 3ms
[2025-11-20T14:02:28.127Z] [INFO] GET /admin-static/app.js -> 304 4ms
[2025-11-20T14:02:28.574Z] [INFO] GET /api/sites -> 304 1ms
[2025-11-20T14:02:29.225Z] [INFO] GET /api/sites/demo -> 304 1ms
[2025-11-20T14:02:29.349Z] [INFO] GET /api/sites/demo/pages -> 304 2ms
[2025-11-20T14:02:29.387Z] [INFO] GET /api/sites/demo/pages/content?path=index.html -> 304 1ms
[2025-11-20T14:02:29.421Z] [INFO] GET /api/sites/demo/tree -> 304 2ms
[2025-11-20T14:02:30.053Z] [INFO] GET /site/demo/index.html -> 304 642ms
[2025-11-20T14:02:30.205Z] [INFO] GET /api/sites/demo/data -> 304 542ms
[2025-11-20T14:03:36.390Z] [INFO] GET /admin -> 200 5ms
[2025-11-20T14:03:36.607Z] [INFO] GET /.well-known/appspecific/com.chrome.devtools.json -> 404 1ms
[2025-11-20T14:03:36.723Z] [INFO] GET /admin-static/style.css -> 200 99ms
[2025-11-20T14:03:36.742Z] [INFO] GET /admin-static/utils.js -> 304 111ms
[2025-11-20T14:03:36.779Z] [INFO] GET /admin-static/app.js -> 304 145ms
[2025-11-20T14:03:37.101Z] [INFO] GET /api/sites -> 304 4ms
[2025-11-20T14:03:37.216Z] [INFO] GET /api/sites/demo -> 304 2ms
[2025-11-20T14:03:38.392Z] [INFO] GET /api/sites/demo/pages -> 304 2ms
[2025-11-20T14:03:38.453Z] [INFO] GET /api/sites/demo/pages/content?path=index.html -> 304 2ms
[2025-11-20T14:03:38.545Z] [INFO] GET /api/sites/demo/tree -> 304 3ms
[2025-11-20T14:03:38.975Z] [INFO] GET /site/demo/index.html -> 304 440ms
[2025-11-20T14:03:39.090Z] [INFO] GET /api/sites/demo/data -> 304 196ms
[2025-11-20T14:03:51.340Z] [INFO] GET /admin -> 304 1ms
[2025-11-20T14:03:51.435Z] [INFO] GET /.well-known/appspecific/com.chrome.devtools.json -> 404 1ms
[2025-11-20T14:03:51.469Z] [INFO] GET /admin-static/utils.js -> 304 5ms
[2025-11-20T14:03:51.490Z] [INFO] GET /admin-static/style.css -> 200 29ms
[2025-11-20T14:03:51.506Z] [INFO] GET /admin-static/app.js -> 304 5ms
[2025-11-20T14:03:51.954Z] [INFO] GET /api/sites -> 304 5ms
[2025-11-20T14:03:52.054Z] [INFO] GET /api/sites/demo -> 304 2ms
[2025-11-20T14:03:52.906Z] [INFO] GET /api/sites/demo/pages -> 304 1ms
[2025-11-20T14:03:52.962Z] [INFO] GET /api/sites/demo/pages/content?path=index.html -> 304 2ms
[2025-11-20T14:03:53.021Z] [INFO] GET /api/sites/demo/tree -> 304 3ms
[2025-11-20T14:03:53.423Z] [INFO] GET /api/sites/demo/data -> 304 348ms
[2025-11-20T14:03:53.427Z] [INFO] GET /site/demo/index.html -> 304 417ms
[2025-11-20T14:04:17.631Z] [INFO] GET /admin -> 304 1ms
[2025-11-20T14:04:17.698Z] [INFO] GET /.well-known/appspecific/com.chrome.devtools.json -> 404 0ms
[2025-11-20T14:04:17.715Z] [INFO] GET /admin-static/style.css -> 200 2ms
[2025-11-20T14:04:17.720Z] [INFO] GET /admin-static/utils.js -> 304 1ms
[2025-11-20T14:04:17.722Z] [INFO] GET /admin-static/app.js -> 304 3ms
[2025-11-20T14:04:18.043Z] [INFO] GET /api/sites -> 304 2ms
[2025-11-20T14:04:18.132Z] [INFO] GET /api/sites/demo -> 304 1ms
[2025-11-20T14:04:18.787Z] [INFO] GET /api/sites/demo/pages -> 304 1ms
[2025-11-20T14:04:18.819Z] [INFO] GET /api/sites/demo/pages/content?path=index.html -> 304 2ms
[2025-11-20T14:04:18.878Z] [INFO] GET /api/sites/demo/tree -> 304 2ms
[2025-11-20T14:04:19.282Z] [INFO] GET /site/demo/index.html -> 304 410ms
[2025-11-20T14:04:19.501Z] [INFO] GET /api/sites/demo/data -> 304 403ms
[2025-11-20T14:04:27.336Z] [INFO] GET /admin -> 304 0ms
[2025-11-20T14:04:27.434Z] [INFO] GET /.well-known/appspecific/com.chrome.devtools.json -> 404 1ms
[2025-11-20T14:04:27.460Z] [INFO] GET /admin-static/style.css -> 200 11ms
[2025-11-20T14:04:27.470Z] [INFO] GET /admin-static/utils.js -> 304 2ms
[2025-11-20T14:04:27.497Z] [INFO] GET /admin-static/app.js -> 304 9ms
[2025-11-20T14:04:27.850Z] [INFO] GET /api/sites -> 304 3ms
[2025-11-20T14:04:28.691Z] [INFO] GET /api/sites/demo -> 304 1ms
[2025-11-20T14:04:28.856Z] [INFO] GET /api/sites/demo/pages -> 304 7ms
[2025-11-20T14:04:28.877Z] [INFO] GET /api/sites/demo/pages/content?path=index.html -> 304 4ms
[2025-11-20T14:04:28.941Z] [INFO] GET /api/sites/demo/tree -> 304 2ms
[2025-11-20T14:04:29.403Z] [INFO] GET /site/demo/index.html -> 304 471ms
[2025-11-20T14:04:29.473Z] [INFO] GET /api/sites/demo/data -> 304 519ms
[2025-11-20T14:07:07.193Z] [INFO] GET /admin -> 200 2ms
[2025-11-20T14:07:07.306Z] [INFO] GET /.well-known/appspecific/com.chrome.devtools.json -> 404 2ms
[2025-11-20T14:07:07.333Z] [INFO] GET /admin-static/style.css -> 304 2ms
[2025-11-20T14:07:07.361Z] [INFO] GET /admin-static/utils.js -> 304 8ms
[2025-11-20T14:07:07.436Z] [INFO] GET /admin-static/app.js -> 200 37ms
[2025-11-20T14:07:07.916Z] [INFO] GET /api/sites -> 304 2ms
[2025-11-20T14:07:08.019Z] [INFO] GET /api/sites/demo -> 304 1ms
[2025-11-20T14:07:09.048Z] [INFO] GET /api/sites/demo/pages -> 304 2ms
[2025-11-20T14:07:09.097Z] [INFO] GET /api/sites/demo/pages/content?path=index.html -> 304 3ms
[2025-11-20T14:07:09.197Z] [INFO] GET /api/sites/demo/tree -> 304 5ms
[2025-11-20T14:07:09.617Z] [INFO] GET /site/demo/index.html -> 304 440ms
[2025-11-20T14:07:09.927Z] [INFO] GET /api/sites/demo/data -> 304 474ms
[2025-11-20T14:08:08.986Z] [INFO] GET /admin -> 200 5ms
[2025-11-20T14:08:09.097Z] [INFO] GET /admin-static/style.css -> 304 2ms
[2025-11-20T14:08:09.109Z] [INFO] GET /admin-static/utils.js -> 304 2ms
[2025-11-20T14:08:09.119Z] [INFO] GET /admin-static/app.js -> 304 6ms
[2025-11-20T14:08:09.431Z] [INFO] GET /api/sites -> 304 3ms
[2025-11-20T14:08:10.005Z] [INFO] GET /api/sites/demo -> 304 1ms
[2025-11-20T14:08:10.115Z] [INFO] GET /api/sites/demo/pages -> 304 3ms
[2025-11-20T14:08:10.148Z] [INFO] GET /api/sites/demo/pages/content?path=index.html -> 304 1ms
[2025-11-20T14:08:10.187Z] [INFO] GET /api/sites/demo/tree -> 304 6ms
[2025-11-20T14:08:10.650Z] [INFO] GET /site/demo/index.html -> 304 478ms
[2025-11-20T14:08:10.846Z] [INFO] GET /api/sites/demo/data -> 304 470ms
[2025-11-20T14:08:24.109Z] [INFO] GET /admin -> 200 1ms
[2025-11-20T14:08:24.170Z] [INFO] GET /admin-static/style.css -> 304 1ms
[2025-11-20T14:08:24.173Z] [INFO] GET /admin-static/utils.js -> 304 1ms
[2025-11-20T14:08:24.180Z] [INFO] GET /admin-static/app.js -> 200 3ms
[2025-11-20T14:08:24.310Z] [INFO] GET /api/sites -> 304 2ms
[2025-11-20T14:08:24.417Z] [INFO] GET /api/sites/demo -> 304 0ms
[2025-11-20T14:08:24.477Z] [INFO] GET /api/sites/demo/pages -> 304 2ms
[2025-11-20T14:08:24.504Z] [INFO] GET /api/sites/demo/pages/content?path=index.html -> 304 1ms
[2025-11-20T14:08:24.524Z] [INFO] GET /api/sites/demo/tree -> 304 2ms
[2025-11-20T14:08:24.936Z] [INFO] GET /site/demo/index.html -> 304 421ms
[2025-11-20T14:08:25.091Z] [INFO] GET /api/sites/demo/data -> 304 421ms
[2025-11-20T14:08:41.752Z] [INFO] GET /admin -> 200 1ms
[2025-11-20T14:08:41.829Z] [INFO] GET /admin-static/style.css -> 304 1ms
[2025-11-20T14:08:41.836Z] [INFO] GET /admin-static/utils.js -> 304 4ms
[2025-11-20T14:08:41.847Z] [INFO] GET /admin-static/app.js -> 304 3ms
[2025-11-20T14:08:42.009Z] [INFO] GET /api/sites -> 304 3ms
[2025-11-20T14:08:42.052Z] [INFO] GET /api/sites/demo -> 304 1ms
[2025-11-20T14:08:42.252Z] [INFO] GET /api/sites/demo/pages -> 304 1ms
[2025-11-20T14:08:42.267Z] [INFO] GET /api/sites/demo/pages/content?path=index.html -> 304 2ms
[2025-11-20T14:08:42.291Z] [INFO] GET /api/sites/demo/tree -> 304 2ms
[2025-11-20T14:08:42.826Z] [INFO] GET /api/sites/demo/data -> 304 523ms
[2025-11-20T14:08:42.922Z] [INFO] GET /site/demo/index.html -> 304 638ms
[2025-11-20T14:09:51.502Z] [INFO] GET /api/sites/demo/pages/content?path=pp.html -> 200 1ms
[2025-11-20T14:09:52.008Z] [INFO] GET /site/demo/pp.html -> 200 496ms
[2025-11-20T14:10:33.774Z] [INFO] POST /api/sites/demo/pages/save -> 200 2ms
[2025-11-20T14:10:34.240Z] [INFO] GET /site/demo/pp.html?t=1763647833776 -> 200 458ms
[2025-11-20T14:11:27.820Z] [INFO] GET /admin -> 304 7ms
[2025-11-20T14:11:27.939Z] [INFO] GET /admin-static/style.css -> 200 13ms
[2025-11-20T14:11:27.961Z] [INFO] GET /admin-static/utils.js -> 304 8ms
[2025-11-20T14:11:28.000Z] [INFO] GET /admin-static/app.js -> 200 42ms
[2025-11-20T14:11:28.381Z] [INFO] GET /api/sites -> 304 3ms
[2025-11-20T14:11:28.723Z] [INFO] GET /api/sites/demo -> 304 1ms
[2025-11-20T14:11:28.782Z] [INFO] GET /api/sites/demo/pages -> 304 2ms
[2025-11-20T14:11:28.839Z] [INFO] GET /api/sites/demo/pages/content?path=index.html -> 304 8ms
[2025-11-20T14:11:28.888Z] [INFO] GET /api/sites/demo/tree -> 304 1ms
[2025-11-20T14:11:29.310Z] [INFO] GET /api/sites/demo/data -> 304 410ms
[2025-11-20T14:11:29.430Z] [INFO] GET /site/demo/index.html -> 304 560ms
[2025-11-20T14:12:13.733Z] [INFO] GET /admin -> 200 3ms
[2025-11-20T14:12:13.817Z] [INFO] GET /admin-static/style.css -> 200 2ms
[2025-11-20T14:12:13.831Z] [INFO] GET /admin-static/utils.js -> 304 3ms
[2025-11-20T14:12:13.847Z] [INFO] GET /admin-static/app.js -> 304 17ms
[2025-11-20T14:12:14.008Z] [INFO] GET /api/sites -> 304 2ms
[2025-11-20T14:12:14.035Z] [INFO] GET /api/sites/demo -> 304 1ms
[2025-11-20T14:12:14.254Z] [INFO] GET /api/sites/demo/pages -> 304 3ms
[2025-11-20T14:12:14.276Z] [INFO] GET /api/sites/demo/pages/content?path=index.html -> 304 1ms
[2025-11-20T14:12:14.308Z] [INFO] GET /api/sites/demo/tree -> 304 6ms
[2025-11-20T14:12:14.773Z] [INFO] GET /api/sites/demo/data -> 304 454ms
[2025-11-20T14:12:14.811Z] [INFO] GET /site/demo/index.html -> 304 522ms
[2025-11-20T14:13:52.010Z] [INFO] GET /admin -> 200 3ms
[2025-11-20T14:13:52.117Z] [INFO] GET /admin-static/style.css -> 200 7ms
[2025-11-20T14:13:52.180Z] [INFO] GET /admin-static/utils.js -> 304 55ms
[2025-11-20T14:13:52.202Z] [INFO] GET /admin-static/app.js -> 304 70ms
[2025-11-20T14:13:52.438Z] [INFO] GET /api/sites -> 304 2ms
[2025-11-20T14:13:52.645Z] [INFO] GET /api/sites/demo -> 304 1ms
[2025-11-20T14:13:52.678Z] [INFO] GET /api/sites/demo/pages -> 304 2ms
[2025-11-20T14:13:52.710Z] [INFO] GET /api/sites/demo/pages/content?path=index.html -> 304 1ms
[2025-11-20T14:13:52.735Z] [INFO] GET /api/sites/demo/tree -> 304 1ms
[2025-11-20T14:13:53.283Z] [INFO] GET /api/sites/demo/data -> 304 531ms
[2025-11-20T14:13:53.297Z] [INFO] GET /site/demo/index.html -> 304 569ms
[2025-11-20T14:14:57.641Z] [INFO] GET /admin-static/style.css -> 304 1ms
[2025-11-20T14:14:57.644Z] [INFO] GET /.well-known/appspecific/com.chrome.devtools.json -> 404 1ms
[2025-11-20T14:17:45.898Z] [INFO] GET /admin -> 200 5ms
[2025-11-20T14:17:46.039Z] [INFO] GET /.well-known/appspecific/com.chrome.devtools.json -> 404 7ms
[2025-11-20T14:17:46.065Z] [INFO] GET /admin-static/app.js -> 304 2ms
[2025-11-20T14:17:46.158Z] [INFO] GET /admin-static/utils.js -> 200 99ms
[2025-11-20T14:17:46.219Z] [INFO] GET /admin-static/style.css -> 200 159ms
[2025-11-20T14:17:46.599Z] [INFO] GET /api/sites -> 304 7ms
[2025-11-20T14:17:46.711Z] [INFO] GET /api/sites/demo -> 304 2ms
[2025-11-20T14:17:47.704Z] [INFO] GET /api/sites/demo/pages -> 304 2ms
[2025-11-20T14:17:47.844Z] [INFO] GET /api/sites/demo/pages/content?path=index.html -> 304 42ms
[2025-11-20T14:17:47.975Z] [INFO] GET /api/sites/demo/tree -> 304 4ms
[2025-11-20T14:17:48.426Z] [INFO] GET /site/demo/index.html -> 304 471ms
[2025-11-20T14:17:48.545Z] [INFO] GET /api/sites/demo/data -> 304 523ms
[2025-11-20T14:20:18.103Z] [INFO] GET /admin -> 304 1ms
[2025-11-20T14:20:18.215Z] [INFO] GET /.well-known/appspecific/com.chrome.devtools.json -> 404 1ms
[2025-11-20T14:20:18.236Z] [INFO] GET /admin-static/style.css -> 304 1ms
[2025-11-20T14:20:18.287Z] [INFO] GET /admin-static/utils.js -> 304 43ms
[2025-11-20T14:20:18.304Z] [INFO] GET /admin-static/app.js -> 200 52ms
[2025-11-20T14:20:18.906Z] [INFO] GET /api/sites -> 304 2ms
[2025-11-20T14:20:19.723Z] [INFO] GET /api/sites/demo -> 304 1ms
[2025-11-20T14:20:19.878Z] [INFO] GET /api/sites/demo/pages -> 304 3ms
[2025-11-20T14:20:19.921Z] [INFO] GET /api/sites/demo/pages/content?path=index.html -> 304 1ms
[2025-11-20T14:20:19.962Z] [INFO] GET /api/sites/demo/tree -> 304 1ms
[2025-11-20T14:20:20.448Z] [INFO] GET /site/demo/index.html -> 304 495ms
[2025-11-20T14:20:20.578Z] [INFO] GET /api/sites/demo/data -> 304 209ms
[2025-11-20T14:21:40.846Z] [INFO] GET /admin -> 304 4ms
[2025-11-20T14:21:40.976Z] [INFO] GET /.well-known/appspecific/com.chrome.devtools.json -> 404 1ms
[2025-11-20T14:21:41.061Z] [INFO] GET /admin-static/style.css -> 200 67ms
[2025-11-20T14:21:41.090Z] [INFO] GET /admin-static/utils.js -> 304 8ms
[2025-11-20T14:21:41.132Z] [INFO] GET /admin-static/app.js -> 304 17ms
[2025-11-20T14:21:41.532Z] [INFO] GET /api/sites -> 304 5ms
[2025-11-20T14:21:41.651Z] [INFO] GET /api/sites/demo -> 304 2ms
[2025-11-20T14:21:42.720Z] [INFO] GET /api/sites/demo/pages -> 304 2ms
[2025-11-20T14:21:42.791Z] [INFO] GET /api/sites/demo/pages/content?path=index.html -> 304 2ms
[2025-11-20T14:21:42.870Z] [INFO] GET /api/sites/demo/tree -> 304 4ms
[2025-11-20T14:21:43.338Z] [INFO] GET /site/demo/index.html -> 304 482ms
[2025-11-20T14:21:43.490Z] [INFO] GET /api/sites/demo/data -> 304 224ms
[2025-11-20T14:21:52.055Z] [INFO] GET /admin -> 200 2ms
[2025-11-20T14:21:52.128Z] [INFO] GET /.well-known/appspecific/com.chrome.devtools.json -> 404 1ms
[2025-11-20T14:21:52.147Z] [INFO] GET /admin-static/style.css -> 200 5ms
[2025-11-20T14:21:52.152Z] [INFO] GET /admin-static/utils.js -> 200 7ms
[2025-11-20T14:21:52.158Z] [INFO] GET /admin-static/app.js -> 200 7ms
[2025-11-20T14:21:52.772Z] [INFO] GET /api/sites -> 200 1ms
[2025-11-20T14:21:53.517Z] [INFO] GET /api/sites/demo -> 200 2ms
[2025-11-20T14:21:53.653Z] [INFO] GET /api/sites/demo/pages -> 200 2ms
[2025-11-20T14:21:53.662Z] [INFO] GET /favicon.ico -> 404 5ms
[2025-11-20T14:21:53.672Z] [INFO] GET /api/sites/demo/pages/content?path=index.html -> 200 2ms
[2025-11-20T14:21:53.724Z] [INFO] GET /api/sites/demo/tree -> 200 3ms
[2025-11-20T14:21:54.178Z] [INFO] GET /site/demo/index.html -> 200 460ms
[2025-11-20T14:21:54.427Z] [INFO] GET /api/sites/demo/data -> 200 444ms
[2025-11-20T14:22:37.925Z] [INFO] GET /admin -> 304 1ms
[2025-11-20T14:22:38.031Z] [INFO] GET /.well-known/appspecific/com.chrome.devtools.json -> 404 1ms
[2025-11-20T14:22:38.059Z] [INFO] GET /admin-static/style.css -> 200 2ms
[2025-11-20T14:22:38.071Z] [INFO] GET /admin-static/utils.js -> 304 4ms
[2025-11-20T14:22:38.101Z] [INFO] GET /admin-static/app.js -> 304 32ms
[2025-11-20T14:22:38.521Z] [INFO] GET /api/sites -> 304 8ms
[2025-11-20T14:22:39.332Z] [INFO] GET /api/sites/demo -> 304 1ms
[2025-11-20T14:22:39.502Z] [INFO] GET /api/sites/demo/pages -> 304 7ms
[2025-11-20T14:22:39.557Z] [INFO] GET /api/sites/demo/pages/content?path=index.html -> 304 1ms
[2025-11-20T14:22:39.587Z] [INFO] GET /api/sites/demo/tree -> 304 4ms
[2025-11-20T14:22:40.021Z] [INFO] GET /site/demo/index.html -> 304 448ms
[2025-11-20T14:22:40.080Z] [INFO] GET /api/sites/demo/data -> 304 482ms
[2025-11-20T14:23:33.048Z] [INFO] GET /admin -> 304 2ms
[2025-11-20T14:23:33.164Z] [INFO] GET /.well-known/appspecific/com.chrome.devtools.json -> 404 1ms
[2025-11-20T14:23:33.198Z] [INFO] GET /admin-static/utils.js -> 304 2ms
[2025-11-20T14:23:33.249Z] [INFO] GET /admin-static/app.js -> 304 52ms
[2025-11-20T14:23:33.264Z] [INFO] GET /admin-static/style.css -> 200 68ms
[2025-11-20T14:23:33.616Z] [INFO] GET /api/sites -> 304 5ms
[2025-11-20T14:23:33.694Z] [INFO] GET /api/sites/demo -> 304 2ms
[2025-11-20T14:23:34.454Z] [INFO] GET /api/sites/demo/pages -> 304 4ms
[2025-11-20T14:23:34.514Z] [INFO] GET /api/sites/demo/pages/content?path=index.html -> 304 1ms
[2025-11-20T14:23:34.576Z] [INFO] GET /api/sites/demo/tree -> 304 2ms
[2025-11-20T14:23:34.948Z] [INFO] GET /site/demo/index.html -> 304 386ms
[2025-11-20T14:23:35.026Z] [INFO] GET /api/sites/demo/data -> 304 432ms
[2025-11-20T14:24:23.827Z] [INFO] GET /admin -> 304 1ms
[2025-11-20T14:24:23.966Z] [INFO] GET /.well-known/appspecific/com.chrome.devtools.json -> 404 0ms
[2025-11-20T14:24:24.084Z] [INFO] GET /admin-static/style.css -> 200 76ms
[2025-11-20T14:24:24.120Z] [INFO] GET /admin-static/utils.js -> 304 20ms
[2025-11-20T14:24:24.141Z] [INFO] GET /admin-static/app.js -> 304 6ms
[2025-11-20T14:24:24.505Z] [INFO] GET /api/sites -> 304 3ms
[2025-11-20T14:24:24.610Z] [INFO] GET /api/sites/demo -> 304 1ms
[2025-11-20T14:24:25.491Z] [INFO] GET /api/sites/demo/pages -> 304 4ms
[2025-11-20T14:24:25.548Z] [INFO] GET /api/sites/demo/pages/content?path=index.html -> 304 7ms
[2025-11-20T14:24:25.600Z] [INFO] GET /api/sites/demo/tree -> 304 4ms
[2025-11-20T14:24:26.043Z] [INFO] GET /site/demo/index.html -> 304 453ms
[2025-11-20T14:24:26.073Z] [INFO] GET /api/sites/demo/data -> 304 455ms
[2025-11-20T14:25:07.019Z] [INFO] POST /api/sites/demo/apis -> 200 3ms
[2025-11-20T14:25:07.027Z] [INFO] GET /api/sites/demo -> 200 1ms
[2025-11-20T14:25:07.047Z] [INFO] GET /api/sites/demo/pages -> 304 2ms
[2025-11-20T14:25:07.055Z] [INFO] GET /api/sites/demo/tree -> 304 2ms
[2025-11-20T14:25:08.092Z] [INFO] GET /api/sites/demo/data -> 200 1026ms
[2025-11-20T14:25:08.405Z] [INFO] GET /site/demo/ -> 200 1367ms
